#-----------------------------------------------------------
# xsim v2025.1 (64-bit)
# SW Build 6140274 on Wed May 21 22:58:25 MDT 2025
# IP Build 6138677 on Thu May 22 03:10:11 MDT 2025
# SharedData Build 6139179 on Tue May 20 17:58:58 MDT 2025
# Start of session at: Mon Jul 21 00:11:10 2025
# Process ID         : 183791
# Current directory  : /home/ucchash/usarkar_work/github_repos/digital-design-verilog/computation_representation/fixed_point_alu/sim
# Command line       : xsim -mode tcl -source {xsim.dir/tb_alu_fixed_point/xsim_script.tcl}
# Log file           : /home/ucchash/usarkar_work/github_repos/digital-design-verilog/computation_representation/fixed_point_alu/sim/xsim.log
# Journal file       : /home/ucchash/usarkar_work/github_repos/digital-design-verilog/computation_representation/fixed_point_alu/sim/xsim.jou
# Running On         : ucchash-pc
# Platform           : Ubuntu
# Operating System   : Ubuntu 24.04.2 LTS
# Processor Detail   : Intel(R) Core(TM) i5-8500 CPU @ 3.00GHz
# CPU Frequency      : 3998.285 MHz
# CPU Physical cores : 6
# CPU Logical cores  : 6
# Host memory        : 25054 MB
# Swap memory        : 8589 MB
# Total Virtual      : 33644 MB
# Available Virtual  : 20417 MB
#-----------------------------------------------------------
source xsim.dir/tb_alu_fixed_point/xsim_script.tcl
# xsim {tb_alu_fixed_point} -autoloadwcfg -runall
Time resolution is 1 ps
run -all
Starting Fixed-Point ALU Testbench (Randomized)
  Match: ADD=32 [a=16, b=16]
  Match: SUB=0 [a=16, b=16]
  Match: MUL=16 [a=16, b=16]
  Match: DIV=16 [a=16, b=16]
  Match: ADD=8 [a=16, b=-8]
  Match: SUB=24 [a=16, b=-8]
  Match: MUL=-8 [a=16, b=-8]
  Match: DIV=-32 [a=16, b=-8]
  Match: ADD=64 [a=32, b=32]
  Match: SUB=0 [a=32, b=32]
  Match: MUL=64 [a=32, b=32]
  Match: DIV=16 [a=32, b=32]
  Match: ADD=0 [a=-16, b=16]
  Match: SUB=-32 [a=-16, b=16]
  Match: MUL=-16 [a=-16, b=16]
  Match: DIV=-16 [a=-16, b=16]
  Match: ADD=8 [a=0, b=8]
  Match: SUB=-8 [a=0, b=8]
  Match: MUL=0 [a=0, b=8]
  Match: DIV=0 [a=0, b=8]
  Match: ADD=155 [a=207, b=-52]
  Match: SUB=-253 [a=207, b=-52]
  Match: MUL=-161 [a=207, b=-52]
  Match: DIV=-63 [a=207, b=-52]
  Match: ADD=-126 [a=-170, b=44]
  Match: SUB=-214 [a=-170, b=44]
  Match: MUL=44 [a=-170, b=44]
  Match: DIV=-61 [a=-170, b=44]
  Match: ADD=-26 [a=55, b=-81]
  Match: SUB=136 [a=55, b=-81]
  Match: MUL=233 [a=55, b=-81]
  Match: DIV=-10 [a=55, b=-81]
  Match: ADD=151 [a=145, b=6]
  Match: SUB=139 [a=145, b=6]
  Match: MUL=54 [a=145, b=6]
  Match: DIV=-126 [a=145, b=6]
  Match: ADD=-157 [a=124, b=231]
  Match: SUB=-107 [a=124, b=231]
  Match: MUL=254 [a=124, b=231]
  Match: DIV=8 [a=124, b=231]
  Match: ADD=229 [a=-206, b=-77]
  Match: SUB=-129 [a=-206, b=-77]
  Match: MUL=-33 [a=-206, b=-77]
  Match: DIV=42 [a=-206, b=-77]
  Match: ADD=90 [a=-105, b=195]
  Match: SUB=212 [a=-105, b=195]
  Match: MUL=-256 [a=-105, b=195]
  Match: DIV=-8 [a=-105, b=195]
  Match: ADD=-52 [a=185, b=-237]
  Match: SUB=-90 [a=185, b=-237]
  Match: MUL=-181 [a=185, b=-237]
  Match: DIV=-12 [a=185, b=-237]
  Match: ADD=-106 [a=171, b=235]
  Match: SUB=-64 [a=171, b=235]
  Match: MUL=-49 [a=171, b=235]
  Match: DIV=11 [a=171, b=235]
  Match: ADD=-248 [a=-58, b=-190]
  Match: SUB=132 [a=-58, b=-190]
  Match: MUL=176 [a=-58, b=-190]
  Match: DIV=4 [a=-58, b=-190]
  Match: ADD=46 [a=175, b=-129]
  Match: SUB=-208 [a=175, b=-129]
  Match: MUL=125 [a=175, b=-129]
  Match: DIV=-21 [a=175, b=-129]
  Match: ADD=-81 [a=-171, b=90]
  Match: SUB=251 [a=-171, b=90]
  Match: MUL=62 [a=-171, b=90]
  Match: DIV=-30 [a=-171, b=90]
  Match: ADD=-123 [a=-150, b=27]
  Match: SUB=-177 [a=-150, b=27]
  Match: MUL=-254 [a=-150, b=27]
  Match: DIV=-88 [a=-150, b=27]
  Match: ADD=-75 [a=156, b=-231]
  Match: SUB=-125 [a=156, b=-231]
  Match: MUL=-205 [a=156, b=-231]
  Match: DIV=-10 [a=156, b=-231]
  Match: ADD=-117 [a=154, b=241]
  Match: SUB=-87 [a=154, b=241]
  Match: MUL=-241 [a=154, b=241]
  Match: DIV=10 [a=154, b=241]
  Match: ADD=-137 [a=115, b=-252]
  Match: SUB=-145 [a=115, b=-252]
  Match: MUL=236 [a=115, b=-252]
  Match: DIV=-7 [a=115, b=-252]
  Match: ADD=27 [a=12, b=15]
  Match: SUB=-3 [a=12, b=15]
  Match: MUL=11 [a=12, b=15]
  Match: DIV=12 [a=12, b=15]
  Match: ADD=196 [a=-226, b=-90]
  Match: SUB=-136 [a=-226, b=-90]
  Match: MUL=247 [a=-226, b=-90]
  Match: DIV=40 [a=-226, b=-90]
  Match: ADD=145 [a=0, b=145]
  Match: SUB=-145 [a=0, b=145]
  Match: MUL=0 [a=0, b=145]
  Match: DIV=0 [a=0, b=145]
  Match: ADD=182 [a=-86, b=-244]
  Match: SUB=158 [a=-86, b=-244]
  Match: MUL=-225 [a=-86, b=-244]
  Match: DIV=5 [a=-86, b=-244]
  Match: ADD=-151 [a=-95, b=-56]
  Match: SUB=-39 [a=-95, b=-56]
  Match: MUL=-180 [a=-95, b=-56]
  Match: DIV=27 [a=-95, b=-56]
  Match: ADD=83 [a=-78, b=161]
  Match: SUB=-239 [a=-78, b=161]
  Match: MUL=239 [a=-78, b=161]
  Match: DIV=-7 [a=-78, b=161]
  Match: ADD=-73 [a=-166, b=93]
  Match: SUB=253 [a=-166, b=93]
  Match: MUL=59 [a=-166, b=93]
  Match: DIV=-28 [a=-166, b=93]
  Match: ADD=169 [a=174, b=-5]
  Match: SUB=179 [a=174, b=-5]
  Match: MUL=-55 [a=174, b=-5]
  Match: DIV=-44 [a=174, b=-5]
  Match: ADD=133 [a=-219, b=-160]
  Match: SUB=-59 [a=-219, b=-160]
  Match: MUL=142 [a=-219, b=-160]
  Match: DIV=21 [a=-219, b=-160]
  Match: ADD=-229 [a=-100, b=-129]
  Match: SUB=29 [a=-100, b=-129]
  Match: MUL=-218 [a=-100, b=-129]
  Match: DIV=12 [a=-100, b=-129]
  Match: ADD=7 [a=189, b=-182]
  Match: SUB=-141 [a=189, b=-182]
  Match: MUL=-102 [a=189, b=-182]
  Match: DIV=-16 [a=189, b=-182]
  Match: ADD=-163 [a=122, b=227]
  Match: SUB=-105 [a=122, b=227]
  Match: MUL=194 [a=122, b=227]
  Match: DIV=8 [a=122, b=227]
  Match: ADD=194 [a=-85, b=-233]
  Match: SUB=148 [a=-85, b=-233]
  Match: MUL=213 [a=-85, b=-233]
  Match: DIV=5 [a=-85, b=-233]
  Match: ADD=202 [a=-158, b=-152]
  Match: SUB=-6 [a=-158, b=-152]
  Match: MUL=-35 [a=-158, b=-152]
  Match: DIV=16 [a=-158, b=-152]
  Match: ADD=62 [a=-159, b=221]
  Match: SUB=132 [a=-159, b=221]
  Match: MUL=-149 [a=-159, b=221]
  Match: DIV=-11 [a=-159, b=221]
  Match: ADD=-169 [a=-181, b=12]
  Match: SUB=-193 [a=-181, b=12]
  Match: MUL=-136 [a=-181, b=12]
  Match: DIV=-241 [a=-181, b=12]
  Match: ADD=162 [a=244, b=-82]
  Match: SUB=-186 [a=244, b=-82]
  Match: MUL=-227 [a=244, b=-82]
  Match: DIV=-47 [a=244, b=-82]
  Match: ADD=-54 [a=117, b=-171]
  Match: SUB=-224 [a=117, b=-171]
  Match: MUL=-227 [a=117, b=-171]
  Match: DIV=-10 [a=117, b=-171]
  Match: ADD=75 [a=-117, b=192]
  Match: SUB=203 [a=-117, b=192]
  Match: MUL=132 [a=-117, b=192]
  Match: DIV=-9 [a=-117, b=192]
  Match: ADD=-31 [a=98, b=-129]
  Match: SUB=227 [a=98, b=-129]
  Match: MUL=233 [a=98, b=-129]
  Match: DIV=-12 [a=98, b=-129]
  Match: ADD=-187 [a=-146, b=-41]
  Match: SUB=-105 [a=-146, b=-41]
  Match: MUL=-138 [a=-146, b=-41]
  Match: DIV=56 [a=-146, b=-41]
  Match: ADD=-51 [a=-44, b=-7]
  Match: SUB=-37 [a=-44, b=-7]
  Match: MUL=19 [a=-44, b=-7]
  Match: DIV=100 [a=-44, b=-7]
  Match: ADD=205 [a=-105, b=-202]
  Match: SUB=97 [a=-105, b=-202]
  Match: MUL=-211 [a=-105, b=-202]
  Match: DIV=8 [a=-105, b=-202]
  Match: ADD=126 [a=120, b=6]
  Match: SUB=114 [a=120, b=6]
  Match: MUL=45 [a=120, b=6]
  Match: DIV=-192 [a=120, b=6]
  Match: ADD=-166 [a=13, b=-179]
  Match: SUB=192 [a=13, b=-179]
  Match: MUL=-146 [a=13, b=-179]
  Match: DIV=-1 [a=13, b=-179]
  Match: ADD=-92 [a=255, b=165]
  Match: SUB=90 [a=255, b=165]
  Match: MUL=69 [a=255, b=165]
  Match: DIV=24 [a=255, b=165]
  Match: ADD=-5 [a=-125, b=120]
  Match: SUB=-245 [a=-125, b=120]
  Match: MUL=86 [a=-125, b=120]
  Match: DIV=-16 [a=-125, b=120]
  Match: ADD=60 [a=-85, b=145]
  Match: SUB=-230 [a=-85, b=145]
  Match: MUL=253 [a=-85, b=145]
  Match: DIV=-9 [a=-85, b=145]
  Match: ADD=111 [a=197, b=-86]
  Match: SUB=-229 [a=197, b=-86]
  Match: MUL=-35 [a=197, b=-86]
  Match: DIV=-36 [a=197, b=-86]
  Match: ADD=-130 [a=54, b=-184]
  Match: SUB=238 [a=54, b=-184]
  Match: MUL=-109 [a=54, b=-184]
  Match: DIV=-4 [a=54, b=-184]
  Match: ADD=3 [a=-222, b=225]
  Match: SUB=65 [a=-222, b=225]
  Match: MUL=-50 [a=-222, b=225]
  Match: DIV=-15 [a=-222, b=225]
  Match: ADD=-64 [a=217, b=231]
  Match: SUB=-14 [a=217, b=231]
  Match: MUL=60 [a=217, b=231]
  Match: DIV=15 [a=217, b=231]
  Match: ADD=-102 [a=-117, b=15]
  Match: SUB=-132 [a=-117, b=15]
  Match: MUL=-110 [a=-117, b=15]
  Match: DIV=-124 [a=-117, b=15]
  Match: ADD=222 [a=-208, b=-82]
  Match: SUB=-126 [a=-208, b=-82]
  Match: MUL=42 [a=-208, b=-82]
  Match: DIV=40 [a=-208, b=-82]
  Match: ADD=249 [a=-16, b=-247]
  Match: SUB=231 [a=-16, b=-247]
  Match: MUL=247 [a=-16, b=-247]
  Match: DIV=1 [a=-16, b=-247]
  Match: ADD=17 [a=-107, b=124]
  Match: SUB=-231 [a=-107, b=124]
  Match: MUL=194 [a=-107, b=124]
  Match: DIV=-13 [a=-107, b=124]
  Match: ADD=-34 [a=25, b=-59]
  Match: SUB=84 [a=25, b=-59]
  Match: MUL=-93 [a=25, b=-59]
  Match: DIV=-6 [a=25, b=-59]
  Match: ADD=51 [a=-214, b=-247]
  Match: SUB=33 [a=-214, b=-247]
  Match: MUL=231 [a=-214, b=-247]
  Match: DIV=13 [a=-214, b=-247]
  Match: ADD=-114 [a=-49, b=-65]
  Match: SUB=16 [a=-49, b=-65]
  Match: MUL=199 [a=-49, b=-65]
  Match: DIV=12 [a=-49, b=-65]
  Match: ADD=-147 [a=133, b=232]
  Match: SUB=-99 [a=133, b=232]
  Match: MUL=-120 [a=133, b=232]
  Match: DIV=9 [a=133, b=232]
  Match: ADD=-204 [a=133, b=175]
  Match: SUB=-42 [a=133, b=175]
  Match: MUL=-82 [a=133, b=175]
  Match: DIV=12 [a=133, b=175]
  Match: ADD=69 [a=241, b=-172]
  Match: SUB=-99 [a=241, b=-172]
  Match: MUL=-31 [a=241, b=-172]
  Match: DIV=-22 [a=241, b=-172]
  Match: ADD=-26 [a=-145, b=119]
  Match: SUB=248 [a=-145, b=119]
  Match: MUL=-55 [a=-145, b=119]
  Match: DIV=-19 [a=-145, b=119]
  Match: ADD=48 [a=-196, b=244]
  Match: SUB=72 [a=-196, b=244]
  Match: MUL=83 [a=-196, b=244]
  Match: DIV=-12 [a=-196, b=244]
  Match: ADD=-173 [a=38, b=-211]
  Match: SUB=249 [a=38, b=-211]
  Match: MUL=10 [a=38, b=-211]
  Match: DIV=-2 [a=38, b=-211]
  Match: ADD=-35 [a=-184, b=149]
  Match: SUB=179 [a=-184, b=149]
  Match: MUL=-178 [a=-184, b=149]
  Match: DIV=-19 [a=-184, b=149]
  Match: ADD=40 [a=164, b=-124]
  Match: SUB=-224 [a=164, b=-124]
  Match: MUL=-247 [a=164, b=-124]
  Match: DIV=-21 [a=164, b=-124]
  Match: ADD=84 [a=137, b=-53]
  Match: SUB=190 [a=137, b=-53]
  Match: MUL=58 [a=137, b=-53]
  Match: DIV=-41 [a=137, b=-53]
  Match: ADD=130 [a=-79, b=209]
  Match: SUB=224 [a=-79, b=209]
  Match: MUL=-8 [a=-79, b=209]
  Match: DIV=-6 [a=-79, b=209]
  Match: ADD=182 [a=-160, b=-170]
  Match: SUB=10 [a=-160, b=-170]
  Match: MUL=164 [a=-160, b=-170]
  Match: DIV=15 [a=-160, b=-170]
  Match: ADD=63 [a=-171, b=234]
  Match: SUB=107 [a=-171, b=234]
  Match: MUL=59 [a=-171, b=234]
  Match: DIV=-11 [a=-171, b=234]
  Match: ADD=40 [a=33, b=7]
  Match: SUB=26 [a=33, b=7]
  Match: MUL=14 [a=33, b=7]
  Match: DIV=75 [a=33, b=7]
  Match: ADD=-196 [a=187, b=129]
  Match: SUB=58 [a=187, b=129]
  Match: MUL=-29 [a=187, b=129]
  Match: DIV=23 [a=187, b=129]
  Match: ADD=-146 [a=93, b=-239]
  Match: SUB=-180 [a=93, b=-239]
  Match: MUL=146 [a=93, b=-239]
  Match: DIV=-6 [a=93, b=-239]
  Match: ADD=-23 [a=107, b=-130]
  Match: SUB=237 [a=107, b=-130]
  Match: MUL=154 [a=107, b=-130]
  Match: DIV=-13 [a=107, b=-130]
  Match: ADD=63 [a=24, b=39]
  Match: SUB=-15 [a=24, b=39]
  Match: MUL=58 [a=24, b=39]
  Match: DIV=9 [a=24, b=39]
  Match: ADD=116 [a=255, b=-139]
  Match: SUB=-118 [a=255, b=-139]
  Match: MUL=-168 [a=255, b=-139]
  Match: DIV=-29 [a=255, b=-139]
  Match: ADD=163 [a=56, b=107]
  Match: SUB=-51 [a=56, b=107]
  Match: MUL=-138 [a=56, b=107]
  Match: DIV=8 [a=56, b=107]
  Match: ADD=-189 [a=-13, b=-176]
  Match: SUB=163 [a=-13, b=-176]
  Match: MUL=143 [a=-13, b=-176]
  Match: DIV=1 [a=-13, b=-176]
  Match: ADD=-124 [a=-110, b=-14]
  Match: SUB=-96 [a=-110, b=-14]
  Match: MUL=96 [a=-110, b=-14]
  Match: DIV=125 [a=-110, b=-14]
  Match: ADD=143 [a=-59, b=202]
  Match: SUB=251 [a=-59, b=202]
  Match: MUL=-233 [a=-59, b=202]
  Match: DIV=-4 [a=-59, b=202]
  Match: ADD=21 [a=-163, b=184]
  Match: SUB=165 [a=-163, b=184]
  Match: MUL=173 [a=-163, b=184]
  Match: DIV=-14 [a=-163, b=184]
  Match: ADD=-247 [a=-230, b=-17]
  Match: SUB=-213 [a=-230, b=-17]
  Match: MUL=244 [a=-230, b=-17]
  Match: DIV=216 [a=-230, b=-17]
  Match: ADD=-119 [a=-86, b=-33]
  Match: SUB=-53 [a=-86, b=-33]
  Match: MUL=177 [a=-86, b=-33]
  Match: DIV=41 [a=-86, b=-33]
  Match: ADD=-63 [a=-71, b=8]
  Match: SUB=-79 [a=-71, b=8]
  Match: MUL=-36 [a=-71, b=8]
  Match: DIV=-142 [a=-71, b=8]
  Match: ADD=-150 [a=-105, b=-45]
  Match: SUB=-60 [a=-105, b=-45]
  Match: MUL=-217 [a=-105, b=-45]
  Match: DIV=37 [a=-105, b=-45]
  Match: ADD=-200 [a=247, b=65]
  Match: SUB=182 [a=247, b=65]
  Match: MUL=-21 [a=247, b=65]
  Match: DIV=60 [a=247, b=65]
  Match: ADD=99 [a=178, b=-79]
  Match: SUB=-255 [a=178, b=-79]
  Match: MUL=145 [a=178, b=-79]
  Match: DIV=-36 [a=178, b=-79]
  Match: ADD=146 [a=-183, b=-183]
  Match: SUB=0 [a=-183, b=-183]
  Match: MUL=45 [a=-183, b=-183]
  Match: DIV=16 [a=-183, b=-183]
  Match: ADD=-59 [a=132, b=-191]
  Match: SUB=-189 [a=132, b=-191]
  Match: MUL=-40 [a=132, b=-191]
  Match: DIV=-11 [a=132, b=-191]
  Match: ADD=194 [a=139, b=55]
  Match: SUB=84 [a=139, b=55]
  Match: MUL=-35 [a=139, b=55]
  Match: DIV=40 [a=139, b=55]
  Match: ADD=198 [a=-14, b=212]
  Match: SUB=-226 [a=-14, b=212]
  Match: MUL=-186 [a=-14, b=212]
  Match: DIV=-1 [a=-14, b=212]
  Match: ADD=-10 [a=128, b=-138]
  Match: SUB=-246 [a=128, b=-138]
  Match: MUL=-80 [a=128, b=-138]
  Match: DIV=-14 [a=128, b=-138]
  Match: ADD=-224 [a=-235, b=11]
  Match: SUB=-246 [a=-235, b=11]
  Match: MUL=-162 [a=-235, b=11]
  Match: DIV=171 [a=-235, b=11]
  Match: ADD=180 [a=173, b=7]
  Match: SUB=166 [a=173, b=7]
  Match: MUL=75 [a=173, b=7]
  Match: DIV=-117 [a=173, b=7]
  Match: ADD=14 [a=-32, b=46]
  Match: SUB=-78 [a=-32, b=46]
  Match: MUL=-92 [a=-32, b=46]
  Match: DIV=-11 [a=-32, b=46]
  Match: ADD=115 [a=126, b=-11]
  Match: SUB=137 [a=126, b=-11]
  Match: MUL=-87 [a=126, b=-11]
  Match: DIV=-183 [a=126, b=-11]
  Match: ADD=-156 [a=-199, b=43]
  Match: SUB=-242 [a=-199, b=43]
  Match: MUL=-23 [a=-199, b=43]
  Match: DIV=-74 [a=-199, b=43]
  Match: ADD=-234 [a=253, b=25]
  Match: SUB=228 [a=253, b=25]
  Match: MUL=-117 [a=253, b=25]
  Match: DIV=161 [a=253, b=25]
  Match: ADD=-44 [a=-167, b=123]
  Match: SUB=222 [a=-167, b=123]
  Match: MUL=252 [a=-167, b=123]
  Match: DIV=-21 [a=-167, b=123]
  Match: ADD=162 [a=-241, b=-109]
  Match: SUB=-132 [a=-241, b=-109]
  Match: MUL=105 [a=-241, b=-109]
  Match: DIV=35 [a=-241, b=-109]
  Match: ADD=178 [a=-90, b=-244]
  Match: SUB=154 [a=-90, b=-244]
  Match: MUL=-164 [a=-90, b=-244]
  Match: DIV=5 [a=-90, b=-244]
  Match: ADD=172 [a=172, b=0]
  Match: SUB=172 [a=172, b=0]
  Match: MUL=0 [a=172, b=0]
  Match: DIV=0 [a=172, b=0]
  Match: ADD=-190 [a=135, b=187]
  Match: SUB=-52 [a=135, b=187]
  Match: MUL=41 [a=135, b=187]
  Match: DIV=11 [a=135, b=187]
-------------------------------------------------
Test Summary: 420 passed, 0 failed
  All tests passed successfully.
-------------------------------------------------
Testbench completed.
$finish called at time : 2100 ns : File "/home/ucchash/usarkar_work/github_repos/digital-design-verilog/computation_representation/fixed_point_alu/tb/tb_alu_fixed_point.sv" Line 57
exit
INFO: [Common 17-206] Exiting xsim at Mon Jul 21 00:11:14 2025...
