INFO: [VRFC 10-2263] Analyzing SystemVerilog file "/home/ucchash/usarkar_work/github_repos/digital-design-verilog/sequential_logics/registers/universal_shift_register.sv" into library work
INFO: [VRFC 10-311] analyzing module universal_shift_register
Vivado Simulator v2025.1.0
Copyright 1986-2022 Xilinx, Inc. All Rights Reserved.
Copyright 2022-2025 Advanced Micro Devices, Inc. All Rights Reserved.
Running: /home/ucchash/Xilinx/2025.1/Vivado/bin/unwrapped/lnx64.o/xelab work.universal_shift_register -s universal_shift_register -debug typical 
Multi-threading is on. Using 4 slave threads.
WARNING: [XSIM 43-3431] One or more environment variables have been detected which affect the operation of the C compiler. These are typically not set in standard installations and are not tested by AMD, however they may be appropriate for your system, so the flow will attempt to continue.  If errors occur, try running xelab with the "-mt off -v 1" switches to see more information from the C compiler. The following environment variables have been detected:
    LIBRARY_PATH
Starting static elaboration
Pass Through NonSizing Optimizer
Completed static elaboration
Starting simulation data flow analysis
Completed simulation data flow analysis
Time Resolution for simulation is 1ps
Compiling module work.universal_shift_register
Built simulation snapshot universal_shift_register

****** xsim v2025.1 (64-bit)
  **** SW Build 6140274 on Wed May 21 22:58:25 MDT 2025
  **** IP Build 6138677 on Thu May 22 03:10:11 MDT 2025
  **** SharedData Build 6139179 on Tue May 20 17:58:58 MDT 2025
  **** Start of session at: Sun Nov  9 17:17:37 2025
    ** Copyright 1986-2022 Xilinx, Inc. All Rights Reserved.
    ** Copyright 2022-2025 Advanced Micro Devices, Inc. All Rights Reserved.

source xsim.dir/universal_shift_register/xsim_script.tcl
# xsim {universal_shift_register} -autoloadwcfg -runall
Time resolution is 1 ps
run -all
exit
INFO: [Common 17-206] Exiting xsim at Sun Nov  9 17:17:41 2025...
