#-----------------------------------------------------------
# xsim v2025.1 (64-bit)
# SW Build 6140274 on Wed May 21 22:58:25 MDT 2025
# IP Build 6138677 on Thu May 22 03:10:11 MDT 2025
# SharedData Build 6139179 on Tue May 20 17:58:58 MDT 2025
# Start of session at: Tue Jul 15 18:31:37 2025
# Process ID         : 206884
# Current directory  : /home/ucchash/usarkar_work/github_repos/digital-design-verilog/combinational_logics/arithmetic_circuits/full_adder_four_bits/sim
# Command line       : xsim -mode tcl -source {xsim.dir/tb_half_adder/xsim_script.tcl}
# Log file           : /home/ucchash/usarkar_work/github_repos/digital-design-verilog/combinational_logics/arithmetic_circuits/full_adder_four_bits/sim/xsim.log
# Journal file       : /home/ucchash/usarkar_work/github_repos/digital-design-verilog/combinational_logics/arithmetic_circuits/full_adder_four_bits/sim/xsim.jou
# Running On         : ucchash-pc
# Platform           : Ubuntu
# Operating System   : Ubuntu 24.04.2 LTS
# Processor Detail   : Intel(R) Core(TM) i5-8500 CPU @ 3.00GHz
# CPU Frequency      : 3988.944 MHz
# CPU Physical cores : 6
# CPU Logical cores  : 6
# Host memory        : 25054 MB
# Swap memory        : 8589 MB
# Total Virtual      : 33644 MB
# Available Virtual  : 27862 MB
#-----------------------------------------------------------
source xsim.dir/tb_half_adder/xsim_script.tcl
# xsim {tb_half_adder} -autoloadwcfg -runall
Time resolution is 1 ps
run -all
🔷 Starting Half Adder Testbench
  Match: Sum=0 [A=0, B=0]
  Match: Carry=0 [A=0, B=0]
  Match: Sum=1 [A=0, B=1]
  Match: Carry=0 [A=0, B=1]
  Match: Sum=1 [A=1, B=0]
  Match: Carry=0 [A=1, B=0]
  Match: Sum=0 [A=1, B=1]
  Match: Carry=1 [A=1, B=1]
-------------------------------------------------
Test Summary: 8 passed, 0 failed
  All tests passed successfully!
-------------------------------------------------
 Testbench completed.
$finish called at time : 40 ns : File "/home/ucchash/usarkar_work/github_repos/digital-design-verilog/combinational_logics/arithmetic_circuits/full_adder_four_bits/tb/tb_half_adder.sv" Line 36
exit
INFO: [Common 17-206] Exiting xsim at Tue Jul 15 18:31:40 2025...
