
*** Running vivado
    with args -log votes.vds -m64 -product Vivado -mode batch -messageDb vivado.pb -notrace -source votes.tcl


****** Vivado v2025.1 (64-bit)
  **** SW Build 6140274 on Wed May 21 22:58:25 MDT 2025
  **** IP Build 6138677 on Thu May 22 03:10:11 MDT 2025
  **** SharedData Build 6139179 on Tue May 20 17:58:58 MDT 2025
  **** Start of session at: Mon Jul 14 01:55:05 2025
    ** Copyright 1986-2022 Xilinx, Inc. All Rights Reserved.
    ** Copyright 2022-2025 Advanced Micro Devices, Inc. All Rights Reserved.

source votes.tcl -notrace
Command: read_checkpoint -auto_incremental -incremental /home/ucchash/usarkar_work/github_repos/digital-design-verilog/combinational_logics/logic_gates/sim/majority_voter/majority_voter.srcs/utils_1/imports/synth_1/tb_votes.dcp
INFO: [Vivado 12-5825] Read reference checkpoint from /home/ucchash/usarkar_work/github_repos/digital-design-verilog/combinational_logics/logic_gates/sim/majority_voter/majority_voter.srcs/utils_1/imports/synth_1/tb_votes.dcp for incremental synthesis
INFO: [Vivado 12-7989] Please ensure there are no constraint changes
Command: synth_design -top votes -part xc7a12tcpg238-3
Starting synth_design
Attempting to get a license for feature 'Synthesis' and/or device 'xc7a12t'
INFO: [Common 17-349] Got license for feature 'Synthesis' and/or device 'xc7a12t'
INFO: [Synth 8-7079] Multithreading enabled for synth_design using a maximum of 7 processes.
INFO: [Synth 8-7078] Launching helper process for spawning children vivado processes
INFO: [Synth 8-7075] Helper process launched with PID 58640
---------------------------------------------------------------------------------
Starting Synthesize : Time (s): cpu = 00:00:04 ; elapsed = 00:00:04 . Memory (MB): peak = 1959.695 ; gain = 428.836 ; free physical = 6842 ; free virtual = 21355
---------------------------------------------------------------------------------
INFO: [Synth 8-6157] synthesizing module 'votes' [/home/ucchash/usarkar_work/github_repos/digital-design-verilog/combinational_logics/logic_gates/design/votes.sv:7]
INFO: [Synth 8-6155] done synthesizing module 'votes' (0#1) [/home/ucchash/usarkar_work/github_repos/digital-design-verilog/combinational_logics/logic_gates/design/votes.sv:7]
---------------------------------------------------------------------------------
Finished Synthesize : Time (s): cpu = 00:00:05 ; elapsed = 00:00:05 . Memory (MB): peak = 2031.664 ; gain = 500.805 ; free physical = 6759 ; free virtual = 21273
---------------------------------------------------------------------------------
---------------------------------------------------------------------------------
Finished Constraint Validation : Time (s): cpu = 00:00:05 ; elapsed = 00:00:06 . Memory (MB): peak = 2049.477 ; gain = 518.617 ; free physical = 6766 ; free virtual = 21280
---------------------------------------------------------------------------------
---------------------------------------------------------------------------------
Start Loading Part and Timing Information
---------------------------------------------------------------------------------
Loading part: xc7a12tcpg238-3
INFO: [Device 21-403] Loading part xc7a12tcpg238-3
---------------------------------------------------------------------------------
Finished Loading Part and Timing Information : Time (s): cpu = 00:00:05 ; elapsed = 00:00:06 . Memory (MB): peak = 2049.477 ; gain = 518.617 ; free physical = 6766 ; free virtual = 21280
---------------------------------------------------------------------------------
---------------------------------------------------------------------------------
Start Preparing Guide Design
---------------------------------------------------------------------------------
CRITICAL WARNING: [Synth 8-6895] The reference checkpoint /home/ucchash/usarkar_work/github_repos/digital-design-verilog/combinational_logics/logic_gates/sim/majority_voter/majority_voter.srcs/utils_1/imports/synth_1/tb_votes.dcp is not suitable for use with incremental synthesis for this design. Please regenerate the checkpoint for this design with -incremental_synth switch in the same Vivado session that synth_design has been run. Synthesis will continue with the default flow
---------------------------------------------------------------------------------
Finished Doing Graph Differ : Time (s): cpu = 00:00:06 ; elapsed = 00:00:06 . Memory (MB): peak = 2049.477 ; gain = 518.617 ; free physical = 6766 ; free virtual = 21280
---------------------------------------------------------------------------------
---------------------------------------------------------------------------------
Finished Preparing Guide Design : Time (s): cpu = 00:00:06 ; elapsed = 00:00:06 . Memory (MB): peak = 2049.477 ; gain = 518.617 ; free physical = 6766 ; free virtual = 21280
---------------------------------------------------------------------------------
---------------------------------------------------------------------------------
Finished RTL Optimization Phase 2 : Time (s): cpu = 00:00:06 ; elapsed = 00:00:06 . Memory (MB): peak = 2057.484 ; gain = 526.625 ; free physical = 6758 ; free virtual = 21273
---------------------------------------------------------------------------------


Incremental Synthesis Report Summary:

1. Incremental synthesis run: no

   Reason for not running incremental synthesis : 


INFO: [Synth 8-7130] Flow is switching to default flow due to incremental criteria not met. If you would like to alter this behaviour and have the flow terminate instead, please set the following parameter config_implementation {autoIncr.Synth.RejectBehavior Terminate}
No constraint files found.
---------------------------------------------------------------------------------
Start RTL Component Statistics 
---------------------------------------------------------------------------------
Detailed RTL Component Info : 
---------------------------------------------------------------------------------
Finished RTL Component Statistics 
---------------------------------------------------------------------------------
---------------------------------------------------------------------------------
Start Part Resource Summary
---------------------------------------------------------------------------------
Part Resources:
DSPs: 40 (col length:40)
BRAMs: 40 (col length: RAMB18 40 RAMB36 20)
---------------------------------------------------------------------------------
Finished Part Resource Summary
---------------------------------------------------------------------------------
No constraint files found.
---------------------------------------------------------------------------------
Start Cross Boundary and Area Optimization
---------------------------------------------------------------------------------
WARNING: [Synth 8-7080] Parallel synthesis criteria is not met
---------------------------------------------------------------------------------
Finished Cross Boundary and Area Optimization : Time (s): cpu = 00:00:08 ; elapsed = 00:00:08 . Memory (MB): peak = 2138.422 ; gain = 607.562 ; free physical = 6650 ; free virtual = 21167
---------------------------------------------------------------------------------
No constraint files found.
---------------------------------------------------------------------------------
Start Timing Optimization
---------------------------------------------------------------------------------
---------------------------------------------------------------------------------
Finished Timing Optimization : Time (s): cpu = 00:00:08 ; elapsed = 00:00:09 . Memory (MB): peak = 2153.297 ; gain = 622.438 ; free physical = 6642 ; free virtual = 21160
---------------------------------------------------------------------------------
---------------------------------------------------------------------------------
Start Technology Mapping
---------------------------------------------------------------------------------
---------------------------------------------------------------------------------
Finished Technology Mapping : Time (s): cpu = 00:00:08 ; elapsed = 00:00:09 . Memory (MB): peak = 2153.297 ; gain = 622.438 ; free physical = 6634 ; free virtual = 21152
---------------------------------------------------------------------------------
---------------------------------------------------------------------------------
Start IO Insertion
---------------------------------------------------------------------------------
---------------------------------------------------------------------------------
Start Flattening Before IO Insertion
---------------------------------------------------------------------------------
---------------------------------------------------------------------------------
Finished Flattening Before IO Insertion
---------------------------------------------------------------------------------
---------------------------------------------------------------------------------
Start Final Netlist Cleanup
---------------------------------------------------------------------------------
---------------------------------------------------------------------------------
Finished Final Netlist Cleanup
---------------------------------------------------------------------------------
---------------------------------------------------------------------------------
Finished IO Insertion : Time (s): cpu = 00:00:12 ; elapsed = 00:00:12 . Memory (MB): peak = 2319.109 ; gain = 788.250 ; free physical = 6522 ; free virtual = 21039
---------------------------------------------------------------------------------
---------------------------------------------------------------------------------
Start Renaming Generated Instances
---------------------------------------------------------------------------------
---------------------------------------------------------------------------------
Finished Renaming Generated Instances : Time (s): cpu = 00:00:12 ; elapsed = 00:00:12 . Memory (MB): peak = 2319.109 ; gain = 788.250 ; free physical = 6522 ; free virtual = 21039
---------------------------------------------------------------------------------
---------------------------------------------------------------------------------
Start Rebuilding User Hierarchy
---------------------------------------------------------------------------------
---------------------------------------------------------------------------------
Finished Rebuilding User Hierarchy : Time (s): cpu = 00:00:12 ; elapsed = 00:00:12 . Memory (MB): peak = 2319.109 ; gain = 788.250 ; free physical = 6522 ; free virtual = 21039
---------------------------------------------------------------------------------
---------------------------------------------------------------------------------
Start Renaming Generated Ports
---------------------------------------------------------------------------------
---------------------------------------------------------------------------------
Finished Renaming Generated Ports : Time (s): cpu = 00:00:12 ; elapsed = 00:00:12 . Memory (MB): peak = 2319.109 ; gain = 788.250 ; free physical = 6522 ; free virtual = 21039
---------------------------------------------------------------------------------
---------------------------------------------------------------------------------
Start Handling Custom Attributes
---------------------------------------------------------------------------------
---------------------------------------------------------------------------------
Finished Handling Custom Attributes : Time (s): cpu = 00:00:12 ; elapsed = 00:00:12 . Memory (MB): peak = 2319.109 ; gain = 788.250 ; free physical = 6522 ; free virtual = 21039
---------------------------------------------------------------------------------
---------------------------------------------------------------------------------
Start Renaming Generated Nets
---------------------------------------------------------------------------------
---------------------------------------------------------------------------------
Finished Renaming Generated Nets : Time (s): cpu = 00:00:12 ; elapsed = 00:00:12 . Memory (MB): peak = 2319.109 ; gain = 788.250 ; free physical = 6522 ; free virtual = 21039
---------------------------------------------------------------------------------
---------------------------------------------------------------------------------
Start Writing Synthesis Report
---------------------------------------------------------------------------------

Report BlackBoxes: 
+-+--------------+----------+
| |BlackBox name |Instances |
+-+--------------+----------+
+-+--------------+----------+

Report Cell Usage: 
+------+-----+------+
|      |Cell |Count |
+------+-----+------+
|1     |LUT4 |     1|
|2     |IBUF |     4|
|3     |OBUF |     1|
+------+-----+------+

Report Instance Areas: 
+------+---------+-------+------+
|      |Instance |Module |Cells |
+------+---------+-------+------+
|1     |top      |       |     6|
+------+---------+-------+------+
---------------------------------------------------------------------------------
Finished Writing Synthesis Report : Time (s): cpu = 00:00:12 ; elapsed = 00:00:12 . Memory (MB): peak = 2319.109 ; gain = 788.250 ; free physical = 6522 ; free virtual = 21039
---------------------------------------------------------------------------------
Synthesis finished with 0 errors, 1 critical warnings and 1 warnings.
Synthesis Optimization Runtime : Time (s): cpu = 00:00:12 ; elapsed = 00:00:12 . Memory (MB): peak = 2319.109 ; gain = 788.250 ; free physical = 6522 ; free virtual = 21039
Synthesis Optimization Complete : Time (s): cpu = 00:00:12 ; elapsed = 00:00:12 . Memory (MB): peak = 2319.117 ; gain = 788.250 ; free physical = 6522 ; free virtual = 21039
INFO: [Project 1-571] Translating synthesized netlist
Netlist sorting complete. Time (s): cpu = 00:00:00 ; elapsed = 00:00:00 . Memory (MB): peak = 2333.984 ; gain = 0.000 ; free physical = 6506 ; free virtual = 21024
INFO: [Project 1-570] Preparing netlist for logic optimization
INFO: [Opt 31-138] Pushed 0 inverter(s) to 0 load pin(s).
Netlist sorting complete. Time (s): cpu = 00:00:00 ; elapsed = 00:00:00 . Memory (MB): peak = 2430.578 ; gain = 0.000 ; free physical = 6600 ; free virtual = 21118
INFO: [Project 1-111] Unisim Transformation Summary:
No Unisim elements were transformed.

Synth Design complete | Checksum: c3a79a0
INFO: [Common 17-83] Releasing license: Synthesis
15 Infos, 1 Warnings, 1 Critical Warnings and 0 Errors encountered.
synth_design completed successfully
synth_design: Time (s): cpu = 00:00:17 ; elapsed = 00:00:15 . Memory (MB): peak = 2430.613 ; gain = 899.754 ; free physical = 6600 ; free virtual = 21118
INFO: [Common 17-2834] synth_design peak Physical Memory [PSS] (MB): overall = 1661.713; main = 1635.356; forked = 272.840
INFO: [Common 17-2834] synth_design peak Virtual Memory [VSS] (MB): overall = 3204.562; main = 2430.582; forked = 989.262
INFO: [runtcl-6] Synthesis results are not added to the cache due to CRITICAL_WARNING
Write ShapeDB Complete: Time (s): cpu = 00:00:00 ; elapsed = 00:00:00 . Memory (MB): peak = 2438.582 ; gain = 0.000 ; free physical = 6600 ; free virtual = 21118
INFO: [Common 17-1381] The checkpoint '/home/ucchash/usarkar_work/github_repos/digital-design-verilog/combinational_logics/logic_gates/sim/majority_voter/majority_voter.runs/synth_1/votes.dcp' has been generated.
INFO: [Vivado 12-24828] Executing command : report_utilization -file votes_utilization_synth.rpt -pb votes_utilization_synth.pb
INFO: [Common 17-206] Exiting Vivado at Mon Jul 14 01:55:24 2025...
