#-----------------------------------------------------------
# xsim v2025.1 (64-bit)
# SW Build 6140274 on Wed May 21 22:58:25 MDT 2025
# IP Build 6138677 on Thu May 22 03:10:11 MDT 2025
# SharedData Build 6139179 on Tue May 20 17:58:58 MDT 2025
# Start of session at: Mon Nov 10 01:45:09 2025
# Process ID         : 133267
# Current directory  : /home/ucchash/usarkar_work/github_repos/digital-design-verilog/ahb_apb_bridge/sim
# Command line       : xsim -mode tcl -source {xsim.dir/ahb_slave/xsim_script.tcl}
# Log file           : /home/ucchash/usarkar_work/github_repos/digital-design-verilog/ahb_apb_bridge/sim/xsim.log
# Journal file       : /home/ucchash/usarkar_work/github_repos/digital-design-verilog/ahb_apb_bridge/sim/xsim.jou
# Running On         : ucchash-pc
# Platform           : Ubuntu
# Operating System   : Ubuntu 24.04.2 LTS
# Processor Detail   : Intel(R) Core(TM) i5-8500 CPU @ 3.00GHz
# CPU Frequency      : 3000.016 MHz
# CPU Physical cores : 6
# CPU Logical cores  : 6
# Host memory        : 25056 MB
# Swap memory        : 8589 MB
# Total Virtual      : 33646 MB
# Available Virtual  : 18411 MB
#-----------------------------------------------------------
source xsim.dir/ahb_slave/xsim_script.tcl
# xsim {ahb_slave} -autoloadwcfg -runall
Time resolution is 1 ps
run -all
exit
INFO: [Common 17-206] Exiting xsim at Mon Nov 10 01:45:13 2025...
