#-----------------------------------------------------------
# xsim v2025.1 (64-bit)
# SW Build 6140274 on Wed May 21 22:58:25 MDT 2025
# IP Build 6138677 on Thu May 22 03:10:11 MDT 2025
# SharedData Build 6139179 on Tue May 20 17:58:58 MDT 2025
# Start of session at: Sun Nov  9 18:22:00 2025
# Process ID         : 74376
# Current directory  : /home/ucchash/usarkar_work/github_repos/digital-design-verilog/sequential_logics/counters
# Command line       : xsim -mode tcl -source {xsim.dir/universal_counter/xsim_script.tcl}
# Log file           : /home/ucchash/usarkar_work/github_repos/digital-design-verilog/sequential_logics/counters/xsim.log
# Journal file       : /home/ucchash/usarkar_work/github_repos/digital-design-verilog/sequential_logics/counters/xsim.jou
# Running On         : ucchash-pc
# Platform           : Ubuntu
# Operating System   : Ubuntu 24.04.2 LTS
# Processor Detail   : Intel(R) Core(TM) i5-8500 CPU @ 3.00GHz
# CPU Frequency      : 3999.166 MHz
# CPU Physical cores : 6
# CPU Logical cores  : 6
# Host memory        : 25056 MB
# Swap memory        : 8589 MB
# Total Virtual      : 33646 MB
# Available Virtual  : 21588 MB
#-----------------------------------------------------------
source xsim.dir/universal_counter/xsim_script.tcl
# xsim {universal_counter} -autoloadwcfg -runall
Time resolution is 1 ps
run -all
exit
INFO: [Common 17-206] Exiting xsim at Sun Nov  9 18:22:04 2025...
