
*** Running vivado
    with args -log votes.vdi -applog -m64 -product Vivado -messageDb vivado.pb -mode batch -source votes.tcl -notrace


****** Vivado v2025.1 (64-bit)
  **** SW Build 6140274 on Wed May 21 22:58:25 MDT 2025
  **** IP Build 6138677 on Thu May 22 03:10:11 MDT 2025
  **** SharedData Build 6139179 on Tue May 20 17:58:58 MDT 2025
  **** Start of session at: Mon Jul 14 01:55:54 2025
    ** Copyright 1986-2022 Xilinx, Inc. All Rights Reserved.
    ** Copyright 2022-2025 Advanced Micro Devices, Inc. All Rights Reserved.

source votes.tcl -notrace
Command: link_design -top votes -part xc7a12tcpg238-3
Design is defaulting to srcset: sources_1
Design is defaulting to constrset: constrs_1
INFO: [Device 21-403] Loading part xc7a12tcpg238-3
Netlist sorting complete. Time (s): cpu = 00:00:00 ; elapsed = 00:00:00 . Memory (MB): peak = 1659.027 ; gain = 0.000 ; free physical = 7466 ; free virtual = 21980
INFO: [Project 1-479] Netlist was created with Vivado 2025.1
INFO: [Project 1-570] Preparing netlist for logic optimization
Read ShapeDB Complete: Time (s): cpu = 00:00:00.01 ; elapsed = 00:00:00 . Memory (MB): peak = 1727.777 ; gain = 0.000 ; free physical = 7379 ; free virtual = 21893
Netlist sorting complete. Time (s): cpu = 00:00:00 ; elapsed = 00:00:00 . Memory (MB): peak = 1728.777 ; gain = 0.000 ; free physical = 7379 ; free virtual = 21893
INFO: [Project 1-111] Unisim Transformation Summary:
No Unisim elements were transformed.

4 Infos, 0 Warnings, 0 Critical Warnings and 0 Errors encountered.
link_design completed successfully
Command: opt_design
Attempting to get a license for feature 'Implementation' and/or device 'xc7a12t'
INFO: [Common 17-349] Got license for feature 'Implementation' and/or device 'xc7a12t'
Running DRC as a precondition to command opt_design

Starting DRC Task
INFO: [DRC 23-27] Running DRC with 6 threads
INFO: [Project 1-461] DRC finished with 0 Errors
INFO: [Project 1-462] Please refer to the DRC report (report_drc) for more information.

Time (s): cpu = 00:00:00.39 ; elapsed = 00:00:00.37 . Memory (MB): peak = 1809.418 ; gain = 52.793 ; free physical = 7350 ; free virtual = 21864

Starting Cache Timing Information Task
INFO: [Timing 38-35] Done setting XDC timing constraints.
Ending Cache Timing Information Task | Checksum: 7b90a6f4

Time (s): cpu = 00:00:05 ; elapsed = 00:00:05 . Memory (MB): peak = 2250.215 ; gain = 440.797 ; free physical = 6903 ; free virtual = 21417

Starting Logic Optimization Task

Phase 1 Initialization

Phase 1.1 Core Generation And Design Setup
Phase 1.1 Core Generation And Design Setup | Checksum: 7b90a6f4

Time (s): cpu = 00:00:00 ; elapsed = 00:00:00 . Memory (MB): peak = 2611.168 ; gain = 0.000 ; free physical = 6548 ; free virtual = 21062

Phase 1.2 Setup Constraints And Sort Netlist
Phase 1.2 Setup Constraints And Sort Netlist | Checksum: 7b90a6f4

Time (s): cpu = 00:00:00.01 ; elapsed = 00:00:00 . Memory (MB): peak = 2611.168 ; gain = 0.000 ; free physical = 6548 ; free virtual = 21062
Phase 1 Initialization | Checksum: 7b90a6f4

Time (s): cpu = 00:00:00.01 ; elapsed = 00:00:00 . Memory (MB): peak = 2611.168 ; gain = 0.000 ; free physical = 6548 ; free virtual = 21062

Phase 2 Timer Update And Timing Data Collection

Phase 2.1 Timer Update
Phase 2.1 Timer Update | Checksum: 7b90a6f4

Time (s): cpu = 00:00:00.01 ; elapsed = 00:00:00.01 . Memory (MB): peak = 2611.168 ; gain = 0.000 ; free physical = 6548 ; free virtual = 21062

Phase 2.2 Timing Data Collection
Phase 2.2 Timing Data Collection | Checksum: 7b90a6f4

Time (s): cpu = 00:00:00.01 ; elapsed = 00:00:00.01 . Memory (MB): peak = 2611.168 ; gain = 0.000 ; free physical = 6547 ; free virtual = 21062
Phase 2 Timer Update And Timing Data Collection | Checksum: 7b90a6f4

Time (s): cpu = 00:00:00.01 ; elapsed = 00:00:00.01 . Memory (MB): peak = 2611.168 ; gain = 0.000 ; free physical = 6547 ; free virtual = 21062

Phase 3 Retarget
INFO: [Opt 31-1851] Number of loadless carry chains removed were: 0
INFO: [Opt 31-1834] Total Chains To Be Transformed Were: 0 AND Number of Transformed insts Created are: 0
INFO: [Opt 31-138] Pushed 0 inverter(s) to 0 load pin(s).
INFO: [Opt 31-49] Retargeted 0 cell(s).
Phase 3 Retarget | Checksum: 7b90a6f4

Time (s): cpu = 00:00:00.03 ; elapsed = 00:00:00.04 . Memory (MB): peak = 2611.168 ; gain = 0.000 ; free physical = 6547 ; free virtual = 21062
Retarget | Checksum: 7b90a6f4
INFO: [Opt 31-389] Phase Retarget created 0 cells and removed 0 cells

Phase 4 Constant propagation
INFO: [Opt 31-138] Pushed 0 inverter(s) to 0 load pin(s).
Phase 4 Constant propagation | Checksum: 7b90a6f4

Time (s): cpu = 00:00:00.03 ; elapsed = 00:00:00.04 . Memory (MB): peak = 2611.168 ; gain = 0.000 ; free physical = 6547 ; free virtual = 21062
Constant propagation | Checksum: 7b90a6f4
INFO: [Opt 31-389] Phase Constant propagation created 0 cells and removed 0 cells

Phase 5 Sweep
INFO: [Constraints 18-11670] Building netlist checker database with flags, 0x8
Done building netlist checker database: Time (s): cpu = 00:00:00 ; elapsed = 00:00:00 . Memory (MB): peak = 2611.168 ; gain = 0.000 ; free physical = 6547 ; free virtual = 21062
Phase 5 Sweep | Checksum: 7b90a6f4

Time (s): cpu = 00:00:00.03 ; elapsed = 00:00:00.04 . Memory (MB): peak = 2611.168 ; gain = 0.000 ; free physical = 6547 ; free virtual = 21062
Sweep | Checksum: 7b90a6f4
INFO: [Opt 31-389] Phase Sweep created 0 cells and removed 0 cells

Phase 6 BUFG optimization
Phase 6 BUFG optimization | Checksum: 7b90a6f4

Time (s): cpu = 00:00:00.03 ; elapsed = 00:00:00.04 . Memory (MB): peak = 2643.184 ; gain = 32.016 ; free physical = 6547 ; free virtual = 21062
BUFG optimization | Checksum: 7b90a6f4
INFO: [Opt 31-662] Phase BUFG optimization created 0 cells of which 0 are BUFGs and removed 0 cells.

Phase 7 Shift Register Optimization
INFO: [Opt 31-1064] SRL Remap converted 0 SRLs to 0 registers and converted 0 registers of register chains to 0 SRLs
Phase 7 Shift Register Optimization | Checksum: 7b90a6f4

Time (s): cpu = 00:00:00.04 ; elapsed = 00:00:00.04 . Memory (MB): peak = 2643.184 ; gain = 32.016 ; free physical = 6547 ; free virtual = 21062
Shift Register Optimization | Checksum: 7b90a6f4
INFO: [Opt 31-389] Phase Shift Register Optimization created 0 cells and removed 0 cells

Phase 8 Post Processing Netlist
Phase 8 Post Processing Netlist | Checksum: 7b90a6f4

Time (s): cpu = 00:00:00.04 ; elapsed = 00:00:00.04 . Memory (MB): peak = 2643.184 ; gain = 32.016 ; free physical = 6547 ; free virtual = 21062
Post Processing Netlist | Checksum: 7b90a6f4
INFO: [Opt 31-389] Phase Post Processing Netlist created 0 cells and removed 0 cells

Phase 9 Finalization

Phase 9.1 Finalizing Design Cores and Updating Shapes
Phase 9.1 Finalizing Design Cores and Updating Shapes | Checksum: 7b90a6f4

Time (s): cpu = 00:00:00.04 ; elapsed = 00:00:00.05 . Memory (MB): peak = 2643.184 ; gain = 32.016 ; free physical = 6547 ; free virtual = 21062

Phase 9.2 Verifying Netlist Connectivity

Starting Connectivity Check Task

Time (s): cpu = 00:00:00 ; elapsed = 00:00:00 . Memory (MB): peak = 2643.184 ; gain = 0.000 ; free physical = 6547 ; free virtual = 21062
Phase 9.2 Verifying Netlist Connectivity | Checksum: 7b90a6f4

Time (s): cpu = 00:00:00.04 ; elapsed = 00:00:00.05 . Memory (MB): peak = 2643.184 ; gain = 32.016 ; free physical = 6547 ; free virtual = 21062
Phase 9 Finalization | Checksum: 7b90a6f4

Time (s): cpu = 00:00:00.04 ; elapsed = 00:00:00.05 . Memory (MB): peak = 2643.184 ; gain = 32.016 ; free physical = 6547 ; free virtual = 21062
Opt_design Change Summary
=========================


-------------------------------------------------------------------------------------------------------------------------
|  Phase                        |  #Cells created  |  #Cells Removed  |  #Constrained objects preventing optimizations  |
-------------------------------------------------------------------------------------------------------------------------
|  Retarget                     |               0  |               0  |                                              0  |
|  Constant propagation         |               0  |               0  |                                              0  |
|  Sweep                        |               0  |               0  |                                              0  |
|  BUFG optimization            |               0  |               0  |                                              0  |
|  Shift Register Optimization  |               0  |               0  |                                              0  |
|  Post Processing Netlist      |               0  |               0  |                                              0  |
-------------------------------------------------------------------------------------------------------------------------


Ending Logic Optimization Task | Checksum: 7b90a6f4

Time (s): cpu = 00:00:00.04 ; elapsed = 00:00:00.05 . Memory (MB): peak = 2643.184 ; gain = 32.016 ; free physical = 6547 ; free virtual = 21062

Starting Power Optimization Task
INFO: [Pwropt 34-132] Skipping clock gating for clocks with a period < 2.00 ns.
Ending Power Optimization Task | Checksum: 7b90a6f4

Time (s): cpu = 00:00:00 ; elapsed = 00:00:00 . Memory (MB): peak = 2643.184 ; gain = 0.000 ; free physical = 6547 ; free virtual = 21062

Starting Final Cleanup Task
Ending Final Cleanup Task | Checksum: 7b90a6f4

Time (s): cpu = 00:00:00 ; elapsed = 00:00:00 . Memory (MB): peak = 2643.184 ; gain = 0.000 ; free physical = 6547 ; free virtual = 21062

Starting Netlist Obfuscation Task
Netlist sorting complete. Time (s): cpu = 00:00:00 ; elapsed = 00:00:00 . Memory (MB): peak = 2643.184 ; gain = 0.000 ; free physical = 6547 ; free virtual = 21062
Ending Netlist Obfuscation Task | Checksum: 7b90a6f4

Time (s): cpu = 00:00:00 ; elapsed = 00:00:00 . Memory (MB): peak = 2643.184 ; gain = 0.000 ; free physical = 6547 ; free virtual = 21062
INFO: [Common 17-83] Releasing license: Implementation
24 Infos, 0 Warnings, 0 Critical Warnings and 0 Errors encountered.
opt_design completed successfully
opt_design: Time (s): cpu = 00:00:08 ; elapsed = 00:00:08 . Memory (MB): peak = 2643.184 ; gain = 886.559 ; free physical = 6547 ; free virtual = 21062
INFO: [Vivado 12-24828] Executing command : report_drc -file votes_drc_opted.rpt -pb votes_drc_opted.pb -rpx votes_drc_opted.rpx
Command: report_drc -file votes_drc_opted.rpt -pb votes_drc_opted.pb -rpx votes_drc_opted.rpx
INFO: [IP_Flow 19-234] Refreshing IP repositories
INFO: [IP_Flow 19-1704] No user IP repositories specified
INFO: [IP_Flow 19-2313] Loaded Vivado IP repository '/home/ucchash/Xilinx/2025.1/Vivado/data/ip'.
INFO: [DRC 23-27] Running DRC with 6 threads
INFO: [Vivado_Tcl 2-168] The results of DRC are in file /home/ucchash/usarkar_work/github_repos/digital-design-verilog/combinational_logics/logic_gates/sim/majority_voter/majority_voter.runs/impl_1/votes_drc_opted.rpt.
report_drc completed successfully
Write ShapeDB Complete: Time (s): cpu = 00:00:00 ; elapsed = 00:00:00 . Memory (MB): peak = 2646.152 ; gain = 0.000 ; free physical = 6537 ; free virtual = 21052
INFO: [Common 17-1381] The checkpoint '/home/ucchash/usarkar_work/github_repos/digital-design-verilog/combinational_logics/logic_gates/sim/majority_voter/majority_voter.runs/impl_1/votes_opt.dcp' has been generated.
Command: place_design
Attempting to get a license for feature 'Implementation' and/or device 'xc7a12t'
INFO: [Common 17-349] Got license for feature 'Implementation' and/or device 'xc7a12t'
INFO: [Common 17-83] Releasing license: Implementation
INFO: [DRC 23-27] Running DRC with 6 threads
INFO: [Vivado_Tcl 4-198] DRC finished with 0 Errors
INFO: [Vivado_Tcl 4-199] Please refer to the DRC report (report_drc) for more information.
Running DRC as a precondition to command place_design
INFO: [DRC 23-27] Running DRC with 6 threads
INFO: [Vivado_Tcl 4-198] DRC finished with 0 Errors
INFO: [Vivado_Tcl 4-199] Please refer to the DRC report (report_drc) for more information.
INFO: [Place 30-611] Multithreading enabled for place_design using a maximum of 6 CPUs

Starting Placer Task

Phase 1 Placer Initialization

Phase 1.1 Placer Initialization Netlist Sorting
Netlist sorting complete. Time (s): cpu = 00:00:00 ; elapsed = 00:00:00 . Memory (MB): peak = 2652.090 ; gain = 0.000 ; free physical = 6530 ; free virtual = 21044
Phase 1.1 Placer Initialization Netlist Sorting | Checksum: 6f562d54

Time (s): cpu = 00:00:00 ; elapsed = 00:00:00 . Memory (MB): peak = 2652.090 ; gain = 0.000 ; free physical = 6530 ; free virtual = 21044
Netlist sorting complete. Time (s): cpu = 00:00:00 ; elapsed = 00:00:00 . Memory (MB): peak = 2652.090 ; gain = 0.000 ; free physical = 6530 ; free virtual = 21044

Phase 1.2 IO Placement/ Clock Placement/ Build Placer Device
INFO: [Timing 38-35] Done setting XDC timing constraints.
Phase 1.2 IO Placement/ Clock Placement/ Build Placer Device | Checksum: 71530b41

Time (s): cpu = 00:00:00.14 ; elapsed = 00:00:00.04 . Memory (MB): peak = 2676.102 ; gain = 24.012 ; free physical = 6526 ; free virtual = 21040

Phase 1.3 Build Placer Netlist Model
Phase 1.3 Build Placer Netlist Model | Checksum: 159a0bd87

Time (s): cpu = 00:00:00.22 ; elapsed = 00:00:00.06 . Memory (MB): peak = 2676.102 ; gain = 24.012 ; free physical = 6526 ; free virtual = 21040

Phase 1.4 Constrain Clocks/Macros
Phase 1.4 Constrain Clocks/Macros | Checksum: 159a0bd87

Time (s): cpu = 00:00:00.23 ; elapsed = 00:00:00.06 . Memory (MB): peak = 2676.102 ; gain = 24.012 ; free physical = 6526 ; free virtual = 21040
Phase 1 Placer Initialization | Checksum: 159a0bd87

Time (s): cpu = 00:00:00.23 ; elapsed = 00:00:00.07 . Memory (MB): peak = 2676.102 ; gain = 24.012 ; free physical = 6526 ; free virtual = 21040

Phase 2 Global Placement

Phase 2.1 Floorplanning
Phase 2.1 Floorplanning | Checksum: 159a0bd87

Time (s): cpu = 00:00:00.23 ; elapsed = 00:00:00.07 . Memory (MB): peak = 2676.102 ; gain = 24.012 ; free physical = 6525 ; free virtual = 21040

Phase 2.2 Update Timing before SLR Path Opt
Phase 2.2 Update Timing before SLR Path Opt | Checksum: 159a0bd87

Time (s): cpu = 00:00:00.24 ; elapsed = 00:00:00.07 . Memory (MB): peak = 2676.102 ; gain = 24.012 ; free physical = 6525 ; free virtual = 21040

Phase 2.3 Post-Processing in Floorplanning
Phase 2.3 Post-Processing in Floorplanning | Checksum: 159a0bd87

Time (s): cpu = 00:00:00.24 ; elapsed = 00:00:00.07 . Memory (MB): peak = 2676.102 ; gain = 24.012 ; free physical = 6525 ; free virtual = 21040

Phase 2.4 Global Place Phase1
Phase 2.4 Global Place Phase1 | Checksum: 143b32bf0

Time (s): cpu = 00:00:00.48 ; elapsed = 00:00:00.14 . Memory (MB): peak = 2700.113 ; gain = 48.023 ; free physical = 6529 ; free virtual = 21043

Phase 2.5 Global Place Phase2
WARNING: [Place 46-29] Timing had been disabled during Placer and, therefore, physical synthesis in Placer will be skipped.
Phase 2.5 Global Place Phase2 | Checksum: d0de9b4d

Time (s): cpu = 00:00:00.6 ; elapsed = 00:00:00.17 . Memory (MB): peak = 2700.113 ; gain = 48.023 ; free physical = 6529 ; free virtual = 21043
Phase 2 Global Placement | Checksum: d0de9b4d

Time (s): cpu = 00:00:00.6 ; elapsed = 00:00:00.17 . Memory (MB): peak = 2700.113 ; gain = 48.023 ; free physical = 6529 ; free virtual = 21043

Phase 3 Detail Placement

Phase 3.1 Commit Multi Column Macros
Phase 3.1 Commit Multi Column Macros | Checksum: d0de9b4d

Time (s): cpu = 00:00:00.61 ; elapsed = 00:00:00.17 . Memory (MB): peak = 2700.113 ; gain = 48.023 ; free physical = 6529 ; free virtual = 21043

Phase 3.2 Commit Most Macros & LUTRAMs
Phase 3.2 Commit Most Macros & LUTRAMs | Checksum: 137deba49

Time (s): cpu = 00:00:00.63 ; elapsed = 00:00:00.17 . Memory (MB): peak = 2700.113 ; gain = 48.023 ; free physical = 6529 ; free virtual = 21043

Phase 3.3 Area Swap Optimization
Phase 3.3 Area Swap Optimization | Checksum: ccaf3d05

Time (s): cpu = 00:00:00.65 ; elapsed = 00:00:00.18 . Memory (MB): peak = 2700.113 ; gain = 48.023 ; free physical = 6529 ; free virtual = 21043

Phase 3.4 Pipeline Register Optimization
Phase 3.4 Pipeline Register Optimization | Checksum: ccaf3d05

Time (s): cpu = 00:00:00.66 ; elapsed = 00:00:00.18 . Memory (MB): peak = 2700.113 ; gain = 48.023 ; free physical = 6529 ; free virtual = 21043

Phase 3.5 Small Shape Detail Placement
Phase 3.5 Small Shape Detail Placement | Checksum: 19c8540db

Time (s): cpu = 00:00:00.94 ; elapsed = 00:00:00.33 . Memory (MB): peak = 2700.113 ; gain = 48.023 ; free physical = 6528 ; free virtual = 21042

Phase 3.6 Re-assign LUT pins
Phase 3.6 Re-assign LUT pins | Checksum: 19c8540db

Time (s): cpu = 00:00:00.95 ; elapsed = 00:00:00.33 . Memory (MB): peak = 2700.113 ; gain = 48.023 ; free physical = 6528 ; free virtual = 21042

Phase 3.7 Pipeline Register Optimization
Phase 3.7 Pipeline Register Optimization | Checksum: 19c8540db

Time (s): cpu = 00:00:00.98 ; elapsed = 00:00:00.33 . Memory (MB): peak = 2700.113 ; gain = 48.023 ; free physical = 6528 ; free virtual = 21042
Phase 3 Detail Placement | Checksum: 19c8540db

Time (s): cpu = 00:00:00.98 ; elapsed = 00:00:00.34 . Memory (MB): peak = 2700.113 ; gain = 48.023 ; free physical = 6528 ; free virtual = 21042

Phase 4 Post Placement Optimization and Clean-Up

Phase 4.1 Post Commit Optimization
Phase 4.1 Post Commit Optimization | Checksum: 19c8540db

Time (s): cpu = 00:00:01 ; elapsed = 00:00:00.35 . Memory (MB): peak = 2700.113 ; gain = 48.023 ; free physical = 6528 ; free virtual = 21042

Phase 4.2 Post Placement Cleanup
Phase 4.2 Post Placement Cleanup | Checksum: 19c8540db

Time (s): cpu = 00:00:01 ; elapsed = 00:00:00.36 . Memory (MB): peak = 2700.113 ; gain = 48.023 ; free physical = 6528 ; free virtual = 21042

Phase 4.3 Placer Reporting

Phase 4.3.1 Print Estimated Congestion
INFO: [Place 30-612] Post-Placement Estimated Congestion 
 ____________________________________________________
|           | Global Congestion | Short Congestion  |
| Direction | Region Size       | Region Size       |
|___________|___________________|___________________|
|      North|                1x1|                1x1|
|___________|___________________|___________________|
|      South|                1x1|                1x1|
|___________|___________________|___________________|
|       East|                1x1|                1x1|
|___________|___________________|___________________|
|       West|                1x1|                1x1|
|___________|___________________|___________________|

Phase 4.3.1 Print Estimated Congestion | Checksum: 19c8540db

Time (s): cpu = 00:00:01 ; elapsed = 00:00:00.36 . Memory (MB): peak = 2700.113 ; gain = 48.023 ; free physical = 6528 ; free virtual = 21042
Phase 4.3 Placer Reporting | Checksum: 19c8540db

Time (s): cpu = 00:00:01 ; elapsed = 00:00:00.36 . Memory (MB): peak = 2700.113 ; gain = 48.023 ; free physical = 6528 ; free virtual = 21042

Phase 4.4 Final Placement Cleanup
Netlist sorting complete. Time (s): cpu = 00:00:00 ; elapsed = 00:00:00 . Memory (MB): peak = 2700.113 ; gain = 0.000 ; free physical = 6528 ; free virtual = 21042

Time (s): cpu = 00:00:01 ; elapsed = 00:00:00.36 . Memory (MB): peak = 2700.113 ; gain = 48.023 ; free physical = 6528 ; free virtual = 21042
Phase 4 Post Placement Optimization and Clean-Up | Checksum: 19c8540db

Time (s): cpu = 00:00:01 ; elapsed = 00:00:00.36 . Memory (MB): peak = 2700.113 ; gain = 48.023 ; free physical = 6528 ; free virtual = 21042
Ending Placer Task | Checksum: 146656d41

Time (s): cpu = 00:00:01 ; elapsed = 00:00:00.36 . Memory (MB): peak = 2700.113 ; gain = 48.023 ; free physical = 6528 ; free virtual = 21042
42 Infos, 1 Warnings, 0 Critical Warnings and 0 Errors encountered.
place_design completed successfully
INFO: [Vivado 12-24838] Running report commands "report_control_sets, report_io, report_utilization" in parallel.
Running report generation with 3 threads.
INFO: [Vivado 12-24828] Executing command : report_control_sets -verbose -file votes_control_sets_placed.rpt
report_control_sets: Time (s): cpu = 00:00:00.03 ; elapsed = 00:00:00.05 . Memory (MB): peak = 2700.113 ; gain = 0.000 ; free physical = 6516 ; free virtual = 21030
INFO: [Vivado 12-24828] Executing command : report_utilization -file votes_utilization_placed.rpt -pb votes_utilization_placed.pb
INFO: [Vivado 12-24828] Executing command : report_io -file votes_io_placed.rpt
report_io: Time (s): cpu = 00:00:00.12 ; elapsed = 00:00:00.13 . Memory (MB): peak = 2700.113 ; gain = 0.000 ; free physical = 6502 ; free virtual = 21016
Write ShapeDB Complete: Time (s): cpu = 00:00:00.01 ; elapsed = 00:00:00 . Memory (MB): peak = 2700.113 ; gain = 0.000 ; free physical = 6502 ; free virtual = 21016
Wrote PlaceDB: Time (s): cpu = 00:00:00 ; elapsed = 00:00:00 . Memory (MB): peak = 2700.113 ; gain = 0.000 ; free physical = 6502 ; free virtual = 21016
Wrote PulsedLatchDB: Time (s): cpu = 00:00:00 ; elapsed = 00:00:00 . Memory (MB): peak = 2700.113 ; gain = 0.000 ; free physical = 6502 ; free virtual = 21016
Writing XDEF routing.
Writing XDEF routing logical nets.
Writing XDEF routing special nets.
Wrote RouteStorage: Time (s): cpu = 00:00:00.04 ; elapsed = 00:00:00.05 . Memory (MB): peak = 2700.113 ; gain = 0.000 ; free physical = 6494 ; free virtual = 21008
Wrote Netlist Cache: Time (s): cpu = 00:00:00 ; elapsed = 00:00:00 . Memory (MB): peak = 2700.113 ; gain = 0.000 ; free physical = 6494 ; free virtual = 21008
Wrote Device Cache: Time (s): cpu = 00:00:00 ; elapsed = 00:00:00 . Memory (MB): peak = 2700.113 ; gain = 0.000 ; free physical = 6494 ; free virtual = 21009
Write Physdb Complete: Time (s): cpu = 00:00:00.05 ; elapsed = 00:00:00.06 . Memory (MB): peak = 2700.113 ; gain = 0.000 ; free physical = 6494 ; free virtual = 21009
INFO: [Common 17-1381] The checkpoint '/home/ucchash/usarkar_work/github_repos/digital-design-verilog/combinational_logics/logic_gates/sim/majority_voter/majority_voter.runs/impl_1/votes_placed.dcp' has been generated.
Command: phys_opt_design
Attempting to get a license for feature 'Implementation' and/or device 'xc7a12t'
INFO: [Common 17-349] Got license for feature 'Implementation' and/or device 'xc7a12t'

Starting Initial Update Timing Task

Time (s): cpu = 00:00:00.01 ; elapsed = 00:00:00.01 . Memory (MB): peak = 2700.113 ; gain = 0.000 ; free physical = 6483 ; free virtual = 20997
INFO: [Vivado_Tcl 4-235] No timing constraint found. The netlist was not modified.
INFO: [Common 17-83] Releasing license: Implementation
50 Infos, 1 Warnings, 0 Critical Warnings and 0 Errors encountered.
phys_opt_design completed successfully
Write ShapeDB Complete: Time (s): cpu = 00:00:00 ; elapsed = 00:00:00 . Memory (MB): peak = 2700.113 ; gain = 0.000 ; free physical = 6483 ; free virtual = 20997
Wrote PlaceDB: Time (s): cpu = 00:00:00.01 ; elapsed = 00:00:00 . Memory (MB): peak = 2703.020 ; gain = 2.906 ; free physical = 6483 ; free virtual = 20997
Wrote PulsedLatchDB: Time (s): cpu = 00:00:00 ; elapsed = 00:00:00 . Memory (MB): peak = 2703.020 ; gain = 0.000 ; free physical = 6483 ; free virtual = 20997
Writing XDEF routing.
Writing XDEF routing logical nets.
Writing XDEF routing special nets.
Wrote RouteStorage: Time (s): cpu = 00:00:00.01 ; elapsed = 00:00:00.01 . Memory (MB): peak = 2703.020 ; gain = 0.000 ; free physical = 6483 ; free virtual = 20997
Wrote Netlist Cache: Time (s): cpu = 00:00:00 ; elapsed = 00:00:00 . Memory (MB): peak = 2703.020 ; gain = 0.000 ; free physical = 6483 ; free virtual = 20997
Wrote Device Cache: Time (s): cpu = 00:00:00 ; elapsed = 00:00:00 . Memory (MB): peak = 2703.020 ; gain = 0.000 ; free physical = 6483 ; free virtual = 20998
Write Physdb Complete: Time (s): cpu = 00:00:00.02 ; elapsed = 00:00:00.01 . Memory (MB): peak = 2703.020 ; gain = 2.906 ; free physical = 6483 ; free virtual = 20998
INFO: [Common 17-1381] The checkpoint '/home/ucchash/usarkar_work/github_repos/digital-design-verilog/combinational_logics/logic_gates/sim/majority_voter/majority_voter.runs/impl_1/votes_physopt.dcp' has been generated.
Command: route_design
Attempting to get a license for feature 'Implementation' and/or device 'xc7a12t'
INFO: [Common 17-349] Got license for feature 'Implementation' and/or device 'xc7a12t'


Starting Routing Task
INFO: [Route 35-254] Multithreading enabled for route_design using a maximum of 6 CPUs

Phase 1 Build RT Design
Checksum: PlaceDB: d70f3fed ConstDB: 0 ShapeSum: 18be64e RouteDB: 6dca4706
Post Restoration Checksum: NetGraph: f6f49e07 | NumContArr: 3f88c856 | Constraints: c2a8fa9d | Timing: c2a8fa9d
Phase 1 Build RT Design | Checksum: 2bbcf5b97

Time (s): cpu = 00:00:09 ; elapsed = 00:00:08 . Memory (MB): peak = 2756.988 ; gain = 51.000 ; free physical = 6369 ; free virtual = 20884

Phase 2 Router Initialization
INFO: [Route 35-64] No timing constraints were detected. The router will operate in resource-optimization mode.

Phase 2.1 Fix Topology Constraints
Phase 2.1 Fix Topology Constraints | Checksum: 2bbcf5b97

Time (s): cpu = 00:00:09 ; elapsed = 00:00:08 . Memory (MB): peak = 2777.988 ; gain = 72.000 ; free physical = 6345 ; free virtual = 20860

Phase 2.2 Pre Route Cleanup
Phase 2.2 Pre Route Cleanup | Checksum: 2bbcf5b97

Time (s): cpu = 00:00:09 ; elapsed = 00:00:08 . Memory (MB): peak = 2777.988 ; gain = 72.000 ; free physical = 6345 ; free virtual = 20860

Router Utilization Summary
  Global Vertical Routing Utilization    = 0 %
  Global Horizontal Routing Utilization  = 0 %
  Routable Net Status*
  *Does not include unroutable nets such as driverless and loadless.
  Run report_route_status for detailed report.
  Number of Failed Nets               = 5
    (Failed Nets is the sum of unrouted and partially routed nets)
  Number of Unrouted Nets             = 5
  Number of Partially Routed Nets     = 0
  Number of Node Overlaps             = 0

Phase 2 Router Initialization | Checksum: 2bbcf5b97

Time (s): cpu = 00:00:09 ; elapsed = 00:00:08 . Memory (MB): peak = 2786.988 ; gain = 81.000 ; free physical = 6345 ; free virtual = 20860

Phase 3 Global Routing
Phase 3 Global Routing | Checksum: 2bbcf5b97

Time (s): cpu = 00:00:09 ; elapsed = 00:00:08 . Memory (MB): peak = 2786.988 ; gain = 81.000 ; free physical = 6345 ; free virtual = 20860

Phase 4 Initial Routing

Phase 4.1 Initial Net Routing Pass
Phase 4.1 Initial Net Routing Pass | Checksum: 24161480f

Time (s): cpu = 00:00:09 ; elapsed = 00:00:08 . Memory (MB): peak = 2786.988 ; gain = 81.000 ; free physical = 6345 ; free virtual = 20860
Phase 4 Initial Routing | Checksum: 24161480f

Time (s): cpu = 00:00:09 ; elapsed = 00:00:08 . Memory (MB): peak = 2786.988 ; gain = 81.000 ; free physical = 6345 ; free virtual = 20860

Phase 5 Rip-up And Reroute

Phase 5.1 Global Iteration 0
 Number of Nodes with overlaps = 0
Phase 5.1 Global Iteration 0 | Checksum: 334273d95

Time (s): cpu = 00:00:09 ; elapsed = 00:00:08 . Memory (MB): peak = 2786.988 ; gain = 81.000 ; free physical = 6345 ; free virtual = 20860
Phase 5 Rip-up And Reroute | Checksum: 334273d95

Time (s): cpu = 00:00:09 ; elapsed = 00:00:08 . Memory (MB): peak = 2786.988 ; gain = 81.000 ; free physical = 6345 ; free virtual = 20860

Phase 6 Delay and Skew Optimization
Phase 6 Delay and Skew Optimization | Checksum: 334273d95

Time (s): cpu = 00:00:09 ; elapsed = 00:00:08 . Memory (MB): peak = 2786.988 ; gain = 81.000 ; free physical = 6345 ; free virtual = 20860

Phase 7 Post Hold Fix

Phase 7.1 Hold Fix Iter
Phase 7.1 Hold Fix Iter | Checksum: 334273d95

Time (s): cpu = 00:00:09 ; elapsed = 00:00:08 . Memory (MB): peak = 2786.988 ; gain = 81.000 ; free physical = 6345 ; free virtual = 20860
Phase 7 Post Hold Fix | Checksum: 334273d95

Time (s): cpu = 00:00:09 ; elapsed = 00:00:08 . Memory (MB): peak = 2786.988 ; gain = 81.000 ; free physical = 6345 ; free virtual = 20860

Phase 8 Route finalize

Router Utilization Summary
  Global Vertical Routing Utilization    = 0.000948317 %
  Global Horizontal Routing Utilization  = 0.00257998 %
  Routable Net Status*
  *Does not include unroutable nets such as driverless and loadless.
  Run report_route_status for detailed report.
  Number of Failed Nets               = 0
    (Failed Nets is the sum of unrouted and partially routed nets)
  Number of Unrouted Nets             = 0
  Number of Partially Routed Nets     = 0
  Number of Node Overlaps             = 0


--GLOBAL Congestion:
Utilization threshold used for congestion level computation: 0.85
Congestion Report
North Dir 1x1 Area, Max Cong = 0.900901%, No Congested Regions.
South Dir 1x1 Area, Max Cong = 1.8018%, No Congested Regions.
East Dir 1x1 Area, Max Cong = 2.94118%, No Congested Regions.
West Dir 1x1 Area, Max Cong = 2.94118%, No Congested Regions.

------------------------------
Reporting congestion hotspots
------------------------------
Direction: North
----------------
Congested clusters found at Level 0
Effective congestion level: 0 Aspect Ratio: 1 Sparse Ratio: 0
Direction: South
----------------
Congested clusters found at Level 0
Effective congestion level: 0 Aspect Ratio: 1 Sparse Ratio: 0
Direction: East
----------------
Congested clusters found at Level 0
Effective congestion level: 0 Aspect Ratio: 1 Sparse Ratio: 0
Direction: West
----------------
Congested clusters found at Level 0
Effective congestion level: 0 Aspect Ratio: 1 Sparse Ratio: 0

Phase 8 Route finalize | Checksum: 334273d95

Time (s): cpu = 00:00:09 ; elapsed = 00:00:08 . Memory (MB): peak = 2786.988 ; gain = 81.000 ; free physical = 6345 ; free virtual = 20860

Phase 9 Verifying routed nets

 Verification completed successfully
Phase 9 Verifying routed nets | Checksum: 334273d95

Time (s): cpu = 00:00:09 ; elapsed = 00:00:08 . Memory (MB): peak = 2786.988 ; gain = 81.000 ; free physical = 6345 ; free virtual = 20860

Phase 10 Depositing Routes
Phase 10 Depositing Routes | Checksum: 334273d95

Time (s): cpu = 00:00:09 ; elapsed = 00:00:08 . Memory (MB): peak = 2786.988 ; gain = 81.000 ; free physical = 6345 ; free virtual = 20860

Phase 11 Post Process Routing
Phase 11 Post Process Routing | Checksum: 334273d95

Time (s): cpu = 00:00:09 ; elapsed = 00:00:08 . Memory (MB): peak = 2786.988 ; gain = 81.000 ; free physical = 6345 ; free virtual = 20860
Total Elapsed time in route_design: 7.95 secs

Phase 12 Post-Route Event Processing
Phase 12 Post-Route Event Processing | Checksum: a960556f

Time (s): cpu = 00:00:09 ; elapsed = 00:00:08 . Memory (MB): peak = 2786.988 ; gain = 81.000 ; free physical = 6345 ; free virtual = 20860
INFO: [Route 35-16] Router Completed Successfully
Ending Routing Task | Checksum: a960556f

Time (s): cpu = 00:00:09 ; elapsed = 00:00:08 . Memory (MB): peak = 2786.988 ; gain = 81.000 ; free physical = 6345 ; free virtual = 20860

Routing Is Done.
INFO: [Common 17-83] Releasing license: Implementation
56 Infos, 1 Warnings, 0 Critical Warnings and 0 Errors encountered.
route_design completed successfully
route_design: Time (s): cpu = 00:00:09 ; elapsed = 00:00:08 . Memory (MB): peak = 2786.988 ; gain = 83.969 ; free physical = 6345 ; free virtual = 20860
INFO: [Vivado 12-24828] Executing command : report_drc -file votes_drc_routed.rpt -pb votes_drc_routed.pb -rpx votes_drc_routed.rpx
Command: report_drc -file votes_drc_routed.rpt -pb votes_drc_routed.pb -rpx votes_drc_routed.rpx
INFO: [IP_Flow 19-1839] IP Catalog is up to date.
INFO: [DRC 23-27] Running DRC with 6 threads
INFO: [Vivado_Tcl 2-168] The results of DRC are in file /home/ucchash/usarkar_work/github_repos/digital-design-verilog/combinational_logics/logic_gates/sim/majority_voter/majority_voter.runs/impl_1/votes_drc_routed.rpt.
report_drc completed successfully
INFO: [Vivado 12-24828] Executing command : report_methodology -file votes_methodology_drc_routed.rpt -pb votes_methodology_drc_routed.pb -rpx votes_methodology_drc_routed.rpx
Command: report_methodology -file votes_methodology_drc_routed.rpt -pb votes_methodology_drc_routed.pb -rpx votes_methodology_drc_routed.rpx
INFO: [Timing 38-35] Done setting XDC timing constraints.
INFO: [DRC 23-133] Running Methodology with 6 threads
INFO: [Vivado_Tcl 2-1520] The results of Report Methodology are in file /home/ucchash/usarkar_work/github_repos/digital-design-verilog/combinational_logics/logic_gates/sim/majority_voter/majority_voter.runs/impl_1/votes_methodology_drc_routed.rpt.
report_methodology completed successfully
INFO: [Vivado 12-24828] Executing command : report_timing_summary -max_paths 10 -routable_nets -report_unconstrained -file votes_timing_summary_routed.rpt -pb votes_timing_summary_routed.pb -rpx votes_timing_summary_routed.rpx -warn_on_violation 
INFO: [Timing 38-35] Done setting XDC timing constraints.
INFO: [Timing 38-91] UpdateTimingParams: Speed grade: -3, Delay Type: min_max.
INFO: [Timing 38-191] Multithreading enabled for timing update using a maximum of 6 CPUs
WARNING: [Timing 38-313] There are no user specified timing constraints. Timing constraints are needed for proper timing analysis.
INFO: [Vivado 12-24838] Running report commands "report_bus_skew, report_incremental_reuse, report_route_status" in parallel.
Running report generation with 3 threads.
INFO: [Vivado 12-24828] Executing command : report_route_status -file votes_route_status.rpt -pb votes_route_status.pb
INFO: [Vivado 12-24828] Executing command : report_incremental_reuse -file votes_incremental_reuse_routed.rpt
INFO: [Vivado_Tcl 4-1062] Incremental flow is disabled. No incremental reuse Info to report.
INFO: [Vivado 12-24828] Executing command : report_bus_skew -warn_on_violation -file votes_bus_skew_routed.rpt -pb votes_bus_skew_routed.pb -rpx votes_bus_skew_routed.rpx
INFO: [Timing 38-91] UpdateTimingParams: Speed grade: -3, Delay Type: min_max.
INFO: [Timing 38-191] Multithreading enabled for timing update using a maximum of 6 CPUs
INFO: [Vivado 12-24828] Executing command : report_power -file votes_power_routed.rpt -pb votes_power_summary_routed.pb -rpx votes_power_routed.rpx
Command: report_power -file votes_power_routed.rpt -pb votes_power_summary_routed.pb -rpx votes_power_routed.rpx
WARNING: [Power 33-232] No user defined clocks were found in the design! Power estimation will be inaccurate until this is corrected.
Resolution: Please specify clocks using create_clock/create_generated_clock for sequential elements. For pure combinatorial circuits, please specify a virtual clock, otherwise the vectorless estimation might be inaccurate
Running Vector-less Activity Propagation...

Finished Running Vector-less Activity Propagation
76 Infos, 3 Warnings, 0 Critical Warnings and 0 Errors encountered.
report_power completed successfully
INFO: [Vivado 12-24828] Executing command : report_clock_utilization -file votes_clock_utilization_routed.rpt
Write ShapeDB Complete: Time (s): cpu = 00:00:00 ; elapsed = 00:00:00 . Memory (MB): peak = 2862.629 ; gain = 0.000 ; free physical = 6264 ; free virtual = 20779
Wrote PlaceDB: Time (s): cpu = 00:00:00 ; elapsed = 00:00:00 . Memory (MB): peak = 2862.629 ; gain = 0.000 ; free physical = 6264 ; free virtual = 20779
Wrote PulsedLatchDB: Time (s): cpu = 00:00:00 ; elapsed = 00:00:00 . Memory (MB): peak = 2862.629 ; gain = 0.000 ; free physical = 6264 ; free virtual = 20779
Writing XDEF routing.
Writing XDEF routing logical nets.
Writing XDEF routing special nets.
Wrote RouteStorage: Time (s): cpu = 00:00:00.02 ; elapsed = 00:00:00.01 . Memory (MB): peak = 2862.629 ; gain = 0.000 ; free physical = 6264 ; free virtual = 20779
Wrote Netlist Cache: Time (s): cpu = 00:00:00 ; elapsed = 00:00:00 . Memory (MB): peak = 2862.629 ; gain = 0.000 ; free physical = 6264 ; free virtual = 20779
Wrote Device Cache: Time (s): cpu = 00:00:00 ; elapsed = 00:00:00 . Memory (MB): peak = 2862.629 ; gain = 0.000 ; free physical = 6264 ; free virtual = 20780
Write Physdb Complete: Time (s): cpu = 00:00:00.02 ; elapsed = 00:00:00.01 . Memory (MB): peak = 2862.629 ; gain = 0.000 ; free physical = 6264 ; free virtual = 20780
INFO: [Common 17-1381] The checkpoint '/home/ucchash/usarkar_work/github_repos/digital-design-verilog/combinational_logics/logic_gates/sim/majority_voter/majority_voter.runs/impl_1/votes_routed.dcp' has been generated.
INFO: [Common 17-206] Exiting Vivado at Mon Jul 14 01:56:20 2025...
